mode: atomic
go.mxc.org/external-api/internal/neosrv/provision.go:15.118,17.16 2 0
go.mxc.org/external-api/internal/neosrv/provision.go:20.2,24.16 2 0
go.mxc.org/external-api/internal/neosrv/provision.go:27.2,27.41 1 0
go.mxc.org/external-api/internal/neosrv/provision.go:17.16,19.3 1 0
go.mxc.org/external-api/internal/neosrv/provision.go:24.16,26.3 1 0
go.mxc.org/external-api/internal/neosrv/provision.go:31.112,33.16 2 0
go.mxc.org/external-api/internal/neosrv/provision.go:36.2,40.16 2 0
go.mxc.org/external-api/internal/neosrv/provision.go:43.2,43.39 1 0
go.mxc.org/external-api/internal/neosrv/provision.go:33.16,35.3 1 0
go.mxc.org/external-api/internal/neosrv/provision.go:40.16,42.3 1 0
go.mxc.org/external-api/internal/neosrv/provision.go:47.112,49.16 2 0
go.mxc.org/external-api/internal/neosrv/provision.go:52.2,57.16 2 0
go.mxc.org/external-api/internal/neosrv/provision.go:60.2,60.39 1 0
go.mxc.org/external-api/internal/neosrv/provision.go:49.16,51.3 1 0
go.mxc.org/external-api/internal/neosrv/provision.go:57.16,59.3 1 0
go.mxc.org/external-api/internal/neosrv/proxy.go:36.42,38.2 1 0
go.mxc.org/external-api/internal/neosrv/proxy.go:41.26,43.2 1 0
go.mxc.org/external-api/internal/neosrv/proxy.go:46.75,53.16 6 0
go.mxc.org/external-api/internal/neosrv/proxy.go:56.2,56.12 1 0
go.mxc.org/external-api/internal/neosrv/proxy.go:60.2,60.12 1 0
go.mxc.org/external-api/internal/neosrv/proxy.go:53.16,55.3 1 0
go.mxc.org/external-api/internal/neosrv/proxy.go:56.12,59.3 2 0
go.mxc.org/external-api/internal/neosrv/proxy.go:65.87,74.2 1 0
go.mxc.org/external-api/internal/neosrv/proxy.go:77.63,83.16 3 0
go.mxc.org/external-api/internal/neosrv/proxy.go:87.2,88.16 2 0
go.mxc.org/external-api/internal/neosrv/proxy.go:92.2,92.12 1 0
go.mxc.org/external-api/internal/neosrv/proxy.go:83.16,86.3 2 0
go.mxc.org/external-api/internal/neosrv/proxy.go:88.16,91.3 2 0
go.mxc.org/external-api/internal/neosrv/mining.go:16.142,18.16 2 0
go.mxc.org/external-api/internal/neosrv/mining.go:22.2,23.16 2 0
go.mxc.org/external-api/internal/neosrv/mining.go:27.2,29.8 1 0
go.mxc.org/external-api/internal/neosrv/mining.go:18.16,20.3 1 0
go.mxc.org/external-api/internal/neosrv/mining.go:23.16,25.3 1 0
go.mxc.org/external-api/internal/neosrv/mining.go:33.112,35.16 2 0
go.mxc.org/external-api/internal/neosrv/mining.go:38.2,42.16 2 0
go.mxc.org/external-api/internal/neosrv/mining.go:46.2,47.30 2 0
go.mxc.org/external-api/internal/neosrv/mining.go:62.2,64.8 1 0
go.mxc.org/external-api/internal/neosrv/mining.go:35.16,37.3 1 0
go.mxc.org/external-api/internal/neosrv/mining.go:42.16,44.3 1 0
go.mxc.org/external-api/internal/neosrv/mining.go:47.30,60.3 2 0
go.mxc.org/external-api/internal/neosrv/mining.go:68.154,70.16 2 0
go.mxc.org/external-api/internal/neosrv/mining.go:73.2,77.16 2 0
go.mxc.org/external-api/internal/neosrv/mining.go:81.2,83.8 1 0
go.mxc.org/external-api/internal/neosrv/mining.go:70.16,72.3 1 0
go.mxc.org/external-api/internal/neosrv/mining.go:77.16,79.3 1 0
go.mxc.org/external-api/internal/neosrv/mining.go:87.127,89.16 2 0
go.mxc.org/external-api/internal/neosrv/mining.go:92.2,97.16 2 0
go.mxc.org/external-api/internal/neosrv/mining.go:100.2,100.44 1 0
go.mxc.org/external-api/internal/neosrv/mining.go:89.16,91.3 1 0
go.mxc.org/external-api/internal/neosrv/mining.go:97.16,99.3 1 0
go.mxc.org/external-api/internal/neosrv/mining.go:104.133,106.16 2 0
go.mxc.org/external-api/internal/neosrv/mining.go:109.2,114.16 2 0
go.mxc.org/external-api/internal/neosrv/mining.go:117.2,117.46 1 0
go.mxc.org/external-api/internal/neosrv/mining.go:106.16,108.3 1 0
go.mxc.org/external-api/internal/neosrv/mining.go:114.16,116.3 1 0
go.mxc.org/external-api/internal/neosrv/mining.go:121.112,123.16 2 0
go.mxc.org/external-api/internal/neosrv/mining.go:126.2,131.16 2 0
go.mxc.org/external-api/internal/neosrv/mining.go:134.2,134.39 1 0
go.mxc.org/external-api/internal/neosrv/mining.go:123.16,125.3 1 0
go.mxc.org/external-api/internal/neosrv/mining.go:131.16,133.3 1 0
go.mxc.org/external-api/internal/neosrv/mining.go:138.103,140.16 2 0
go.mxc.org/external-api/internal/neosrv/mining.go:143.2,148.16 2 0
go.mxc.org/external-api/internal/neosrv/mining.go:151.2,151.36 1 0
go.mxc.org/external-api/internal/neosrv/mining.go:140.16,142.3 1 0
go.mxc.org/external-api/internal/neosrv/mining.go:148.16,150.3 1 0
go.mxc.org/external-api/internal/neosrv/mining.go:155.109,157.16 2 0
go.mxc.org/external-api/internal/neosrv/mining.go:160.2,164.16 2 0
go.mxc.org/external-api/internal/neosrv/mining.go:167.2,167.38 1 0
go.mxc.org/external-api/internal/neosrv/mining.go:157.16,159.3 1 0
go.mxc.org/external-api/internal/neosrv/mining.go:164.16,166.3 1 0
go.mxc.org/external-api/internal/neosrv/mining.go:171.145,173.16 2 0
go.mxc.org/external-api/internal/neosrv/mining.go:176.2,181.16 2 0
go.mxc.org/external-api/internal/neosrv/mining.go:185.2,186.32 2 0
go.mxc.org/external-api/internal/neosrv/mining.go:195.2,197.8 1 0
go.mxc.org/external-api/internal/neosrv/mining.go:173.16,175.3 1 0
go.mxc.org/external-api/internal/neosrv/mining.go:181.16,183.3 1 0
go.mxc.org/external-api/internal/neosrv/mining.go:186.32,193.3 2 0
go.mxc.org/external-api/internal/neosrv/mining.go:201.109,203.16 2 0
go.mxc.org/external-api/internal/neosrv/mining.go:206.2,209.16 2 0
go.mxc.org/external-api/internal/neosrv/mining.go:213.2,214.31 2 0
go.mxc.org/external-api/internal/neosrv/mining.go:230.2,230.51 1 0
go.mxc.org/external-api/internal/neosrv/mining.go:203.16,205.3 1 0
go.mxc.org/external-api/internal/neosrv/mining.go:209.16,211.3 1 0
go.mxc.org/external-api/internal/neosrv/mining.go:214.31,229.3 2 0
go.mxc.org/external-api/internal/neosrv/mining.go:234.115,236.16 2 0
go.mxc.org/external-api/internal/neosrv/mining.go:239.2,243.16 2 0
go.mxc.org/external-api/internal/neosrv/mining.go:247.2,261.8 1 0
go.mxc.org/external-api/internal/neosrv/mining.go:236.16,238.3 1 0
go.mxc.org/external-api/internal/neosrv/mining.go:243.16,245.3 1 0
go.mxc.org/external-api/internal/client/neosrvcli/neosrvcli.go:23.91,26.16 3 0
go.mxc.org/external-api/internal/client/neosrvcli/neosrvcli.go:30.2,34.16 5 0
go.mxc.org/external-api/internal/client/neosrvcli/neosrvcli.go:26.16,29.3 2 0
go.mxc.org/external-api/internal/client/neosrvcli/neosrvcli.go:38.43,40.2 1 0
go.mxc.org/external-api/internal/mockcustody/proxy.go:47.42,49.2 1 0
go.mxc.org/external-api/internal/mockcustody/proxy.go:52.26,55.2 2 0
go.mxc.org/external-api/internal/mockcustody/proxy.go:58.81,59.12 1 0
go.mxc.org/external-api/internal/mockcustody/proxy.go:63.2,65.16 3 0
go.mxc.org/external-api/internal/mockcustody/proxy.go:69.2,72.16 3 0
go.mxc.org/external-api/internal/mockcustody/proxy.go:75.2,76.16 2 0
go.mxc.org/external-api/internal/mockcustody/proxy.go:79.2,79.12 1 0
go.mxc.org/external-api/internal/mockcustody/proxy.go:59.12,62.3 2 0
go.mxc.org/external-api/internal/mockcustody/proxy.go:65.16,68.3 2 0
go.mxc.org/external-api/internal/mockcustody/proxy.go:72.16,74.3 1 0
go.mxc.org/external-api/internal/mockcustody/proxy.go:76.16,78.3 1 0
go.mxc.org/external-api/internal/mockcustody/proxy.go:83.97,90.2 1 0
go.mxc.org/external-api/internal/mockcustody/proxy.go:93.65,97.2 3 0
go.mxc.org/external-api/internal/mockcustody/proxy.go:100.63,106.16 3 0
go.mxc.org/external-api/internal/mockcustody/proxy.go:110.2,110.12 1 0
go.mxc.org/external-api/internal/mockcustody/proxy.go:106.16,109.3 2 0
go.mxc.org/external-api/internal/mockcustody/proxy.go:113.74,119.16 4 0
go.mxc.org/external-api/internal/mockcustody/proxy.go:122.2,128.16 5 0
go.mxc.org/external-api/internal/mockcustody/proxy.go:131.2,136.16 3 0
go.mxc.org/external-api/internal/mockcustody/proxy.go:139.2,139.12 1 0
go.mxc.org/external-api/internal/mockcustody/proxy.go:119.16,121.3 1 0
go.mxc.org/external-api/internal/mockcustody/proxy.go:128.16,130.3 1 0
go.mxc.org/external-api/internal/mockcustody/proxy.go:136.16,138.3 1 0
go.mxc.org/external-api/internal/mockcustody/proxy.go:143.113,145.16 2 0
go.mxc.org/external-api/internal/mockcustody/proxy.go:149.2,154.16 3 0
go.mxc.org/external-api/internal/mockcustody/proxy.go:157.2,157.52 1 0
go.mxc.org/external-api/internal/mockcustody/proxy.go:160.2,160.18 1 0
go.mxc.org/external-api/internal/mockcustody/proxy.go:145.16,147.3 1 0
go.mxc.org/external-api/internal/mockcustody/proxy.go:154.16,156.3 1 0
go.mxc.org/external-api/internal/mockcustody/proxy.go:157.52,159.3 1 0
go.mxc.org/external-api/internal/mockcustody/proxy.go:164.119,166.16 2 0
go.mxc.org/external-api/internal/mockcustody/proxy.go:169.2,177.16 3 0
go.mxc.org/external-api/internal/mockcustody/proxy.go:180.2,180.52 1 0
go.mxc.org/external-api/internal/mockcustody/proxy.go:183.2,183.18 1 0
go.mxc.org/external-api/internal/mockcustody/proxy.go:166.16,168.3 1 0
go.mxc.org/external-api/internal/mockcustody/proxy.go:177.16,179.3 1 0
go.mxc.org/external-api/internal/mockcustody/proxy.go:180.52,182.3 1 0
go.mxc.org/external-api/internal/mockcustody/proxy.go:187.143,193.16 2 0
go.mxc.org/external-api/internal/mockcustody/proxy.go:197.2,198.31 2 0
go.mxc.org/external-api/internal/mockcustody/proxy.go:226.2,231.16 3 0
go.mxc.org/external-api/internal/mockcustody/proxy.go:234.2,234.52 1 0
go.mxc.org/external-api/internal/mockcustody/proxy.go:238.2,238.18 1 0
go.mxc.org/external-api/internal/mockcustody/proxy.go:193.16,195.3 1 0
go.mxc.org/external-api/internal/mockcustody/proxy.go:198.31,225.3 1 0
go.mxc.org/external-api/internal/mockcustody/proxy.go:231.16,233.3 1 0
go.mxc.org/external-api/internal/mockcustody/proxy.go:234.52,236.3 1 0
go.mxc.org/external-api/internal/mockcustody/proxy.go:242.141,248.16 2 0
go.mxc.org/external-api/internal/mockcustody/proxy.go:252.2,253.31 2 0
go.mxc.org/external-api/internal/mockcustody/proxy.go:281.2,288.16 3 0
go.mxc.org/external-api/internal/mockcustody/proxy.go:291.2,291.52 1 0
go.mxc.org/external-api/internal/mockcustody/proxy.go:295.2,295.18 1 0
go.mxc.org/external-api/internal/mockcustody/proxy.go:248.16,250.3 1 0
go.mxc.org/external-api/internal/mockcustody/proxy.go:253.31,280.3 1 0
go.mxc.org/external-api/internal/mockcustody/proxy.go:288.16,290.3 1 0
go.mxc.org/external-api/internal/mockcustody/proxy.go:291.52,293.3 1 0
go.mxc.org/external-api/internal/mockcustody/proxy.go:299.113,306.16 2 0
go.mxc.org/external-api/internal/mockcustody/proxy.go:310.2,315.16 3 0
go.mxc.org/external-api/internal/mockcustody/proxy.go:318.2,318.52 1 0
go.mxc.org/external-api/internal/mockcustody/proxy.go:321.2,321.18 1 0
go.mxc.org/external-api/internal/mockcustody/proxy.go:306.16,308.3 1 0
go.mxc.org/external-api/internal/mockcustody/proxy.go:315.16,317.3 1 0
go.mxc.org/external-api/internal/mockcustody/proxy.go:318.52,320.3 1 0
go.mxc.org/external-api/internal/mockcustody/proxy.go:325.131,327.16 2 0
go.mxc.org/external-api/internal/mockcustody/proxy.go:330.2,360.16 3 0
go.mxc.org/external-api/internal/mockcustody/proxy.go:363.2,363.52 1 0
go.mxc.org/external-api/internal/mockcustody/proxy.go:367.2,367.18 1 0
go.mxc.org/external-api/internal/mockcustody/proxy.go:327.16,329.3 1 0
go.mxc.org/external-api/internal/mockcustody/proxy.go:360.16,362.3 1 0
go.mxc.org/external-api/internal/mockcustody/proxy.go:363.52,365.3 1 0
go.mxc.org/external-api/internal/mxpsrv/transaction.go:42.42,44.2 1 0
go.mxc.org/external-api/internal/mxpsrv/transaction.go:47.26,49.2 1 0
go.mxc.org/external-api/internal/mxpsrv/transaction.go:52.75,58.16 5 0
go.mxc.org/external-api/internal/mxpsrv/transaction.go:61.2,61.12 1 0
go.mxc.org/external-api/internal/mxpsrv/transaction.go:65.2,65.12 1 0
go.mxc.org/external-api/internal/mxpsrv/transaction.go:58.16,60.3 1 0
go.mxc.org/external-api/internal/mxpsrv/transaction.go:61.12,64.3 2 0
go.mxc.org/external-api/internal/mxpsrv/transaction.go:74.12,84.2 1 0
go.mxc.org/external-api/internal/mxpsrv/transaction.go:87.63,93.16 3 0
go.mxc.org/external-api/internal/mxpsrv/transaction.go:97.2,97.12 1 0
go.mxc.org/external-api/internal/mxpsrv/transaction.go:93.16,96.3 2 0
go.mxc.org/external-api/internal/mxpsrv/transaction.go:101.133,103.16 2 0
go.mxc.org/external-api/internal/mxpsrv/transaction.go:106.2,115.16 2 0
go.mxc.org/external-api/internal/mxpsrv/transaction.go:125.2,126.27 2 0
go.mxc.org/external-api/internal/mxpsrv/transaction.go:136.2,136.56 1 0
go.mxc.org/external-api/internal/mxpsrv/transaction.go:103.16,105.3 1 0
go.mxc.org/external-api/internal/mxpsrv/transaction.go:115.16,117.3 1 0
go.mxc.org/external-api/internal/mxpsrv/transaction.go:126.27,135.3 2 0
go.mxc.org/external-api/internal/mxpsrv/transaction.go:140.121,142.16 2 0
go.mxc.org/external-api/internal/mxpsrv/transaction.go:146.2,150.16 2 0
go.mxc.org/external-api/internal/mxpsrv/transaction.go:153.2,158.8 1 0
go.mxc.org/external-api/internal/mxpsrv/transaction.go:142.16,144.3 1 0
go.mxc.org/external-api/internal/mxpsrv/transaction.go:150.16,152.3 1 0
go.mxc.org/external-api/internal/server/server.go:35.42,37.2 1 0
go.mxc.org/external-api/internal/server/server.go:40.26,42.2 1 0
go.mxc.org/external-api/internal/server/server.go:45.80,52.2 1 0
go.mxc.org/external-api/internal/server/server.go:55.52,58.16 3 0
go.mxc.org/external-api/internal/server/server.go:62.2,63.16 2 0
go.mxc.org/external-api/internal/server/server.go:66.2,73.12 4 0
go.mxc.org/external-api/internal/server/server.go:78.2,84.12 2 0
go.mxc.org/external-api/internal/server/server.go:89.2,89.12 1 0
go.mxc.org/external-api/internal/server/server.go:92.2,92.12 1 0
go.mxc.org/external-api/internal/server/server.go:96.2,96.12 1 0
go.mxc.org/external-api/internal/server/server.go:58.16,60.3 1 0
go.mxc.org/external-api/internal/server/server.go:63.16,65.3 1 0
go.mxc.org/external-api/internal/server/server.go:73.12,75.3 1 0
go.mxc.org/external-api/internal/server/server.go:84.12,86.3 1 0
go.mxc.org/external-api/internal/server/server.go:89.12,91.3 1 0
go.mxc.org/external-api/internal/server/server.go:92.12,95.3 2 0
go.mxc.org/external-api/internal/server/server.go:99.52,100.82 1 0
go.mxc.org/external-api/internal/server/server.go:100.82,103.3 2 0
go.mxc.org/external-api/internal/server/server.go:109.58,111.16 2 0
go.mxc.org/external-api/internal/server/server.go:115.2,116.81 2 0
go.mxc.org/external-api/internal/server/server.go:130.2,130.12 1 0
go.mxc.org/external-api/internal/server/server.go:111.16,114.3 2 0
go.mxc.org/external-api/internal/server/server.go:116.81,117.17 1 0
go.mxc.org/external-api/internal/server/server.go:120.3,120.16 1 0
go.mxc.org/external-api/internal/server/server.go:123.3,124.17 2 0
go.mxc.org/external-api/internal/server/server.go:128.3,128.13 1 0
go.mxc.org/external-api/internal/server/server.go:117.17,119.4 1 0
go.mxc.org/external-api/internal/server/server.go:120.16,122.4 1 0
go.mxc.org/external-api/internal/server/server.go:124.17,127.4 2 0
go.mxc.org/external-api/internal/server/server.go:133.88,135.69 2 0
go.mxc.org/external-api/internal/server/server.go:144.2,146.11 3 0
go.mxc.org/external-api/internal/server/server.go:135.69,137.10 2 0
go.mxc.org/external-api/internal/server/server.go:142.3,142.23 1 0
go.mxc.org/external-api/internal/server/server.go:137.10,141.4 3 0
go.mxc.org/external-api/internal/server/marshal/formpb.go:25.60,27.2 1 0
go.mxc.org/external-api/internal/server/marshal/formpb.go:30.56,32.2 1 0
go.mxc.org/external-api/internal/server/marshal/formpb.go:35.37,37.2 1 0
go.mxc.org/external-api/internal/server/marshal/formpb.go:40.55,41.37 1 0
go.mxc.org/external-api/internal/server/marshal/formpb.go:45.2,46.16 2 0
go.mxc.org/external-api/internal/server/marshal/formpb.go:49.2,49.17 1 0
go.mxc.org/external-api/internal/server/marshal/formpb.go:41.37,43.3 1 0
go.mxc.org/external-api/internal/server/marshal/formpb.go:46.16,48.3 1 0
go.mxc.org/external-api/internal/server/marshal/formpb.go:51.57,53.9 2 0
go.mxc.org/external-api/internal/server/marshal/formpb.go:60.2,60.24 1 0
go.mxc.org/external-api/internal/server/marshal/formpb.go:53.9,55.17 2 0
go.mxc.org/external-api/internal/server/marshal/formpb.go:58.3,58.18 1 0
go.mxc.org/external-api/internal/server/marshal/formpb.go:55.17,57.4 1 0
go.mxc.org/external-api/internal/server/marshal/formpb.go:68.68,70.31 2 0
go.mxc.org/external-api/internal/server/marshal/formpb.go:77.2,77.30 1 0
go.mxc.org/external-api/internal/server/marshal/formpb.go:91.2,91.69 1 0
go.mxc.org/external-api/internal/server/marshal/formpb.go:94.2,94.37 1 0
go.mxc.org/external-api/internal/server/marshal/formpb.go:70.31,71.17 1 0
go.mxc.org/external-api/internal/server/marshal/formpb.go:74.3,74.17 1 0
go.mxc.org/external-api/internal/server/marshal/formpb.go:71.17,73.4 1 0
go.mxc.org/external-api/internal/server/marshal/formpb.go:77.30,79.34 2 0
go.mxc.org/external-api/internal/server/marshal/formpb.go:86.3,86.24 1 0
go.mxc.org/external-api/internal/server/marshal/formpb.go:89.3,89.25 1 0
go.mxc.org/external-api/internal/server/marshal/formpb.go:79.34,81.18 2 0
go.mxc.org/external-api/internal/server/marshal/formpb.go:84.4,84.66 1 0
go.mxc.org/external-api/internal/server/marshal/formpb.go:81.18,83.5 1 0
go.mxc.org/external-api/internal/server/marshal/formpb.go:86.24,88.4 1 0
go.mxc.org/external-api/internal/server/marshal/formpb.go:91.69,93.3 1 0
go.mxc.org/external-api/internal/server/marshal/formpb.go:98.56,99.55 1 0
go.mxc.org/external-api/internal/server/marshal/formpb.go:99.55,99.84 1 0
go.mxc.org/external-api/internal/server/marshal/formpb.go:102.53,105.9 2 0
go.mxc.org/external-api/internal/server/marshal/formpb.go:109.2,111.16 2 0
go.mxc.org/external-api/internal/server/marshal/formpb.go:115.2,117.16 2 0
go.mxc.org/external-api/internal/server/marshal/formpb.go:121.2,125.16 3 0
go.mxc.org/external-api/internal/server/marshal/formpb.go:129.2,129.12 1 0
go.mxc.org/external-api/internal/server/marshal/formpb.go:105.9,107.3 1 0
go.mxc.org/external-api/internal/server/marshal/formpb.go:111.16,113.3 1 0
go.mxc.org/external-api/internal/server/marshal/formpb.go:117.16,119.3 1 0
go.mxc.org/external-api/internal/server/marshal/formpb.go:125.16,127.3 1 0
go.mxc.org/external-api/internal/app/app.go:66.27,71.2 1 0
go.mxc.org/external-api/internal/app/app.go:74.42,77.12 3 0
go.mxc.org/external-api/internal/app/app.go:77.12,78.46 1 0
go.mxc.org/external-api/internal/app/app.go:83.3,85.11 3 0
go.mxc.org/external-api/internal/app/app.go:78.46,82.4 3 0
go.mxc.org/external-api/internal/app/app.go:89.56,91.16 2 0
go.mxc.org/external-api/internal/app/app.go:94.2,103.67 2 0
go.mxc.org/external-api/internal/app/app.go:113.2,116.16 3 0
go.mxc.org/external-api/internal/app/app.go:120.2,121.43 2 0
go.mxc.org/external-api/internal/app/app.go:124.2,125.12 2 0
go.mxc.org/external-api/internal/app/app.go:91.16,93.3 1 0
go.mxc.org/external-api/internal/app/app.go:103.67,105.4 1 0
go.mxc.org/external-api/internal/app/app.go:116.16,118.3 1 0
go.mxc.org/external-api/internal/app/app.go:121.43,123.3 1 0
go.mxc.org/external-api/internal/app/app.go:128.71,131.16 3 0
go.mxc.org/external-api/internal/app/app.go:134.2,135.16 2 0
go.mxc.org/external-api/internal/app/app.go:138.2,139.16 2 0
go.mxc.org/external-api/internal/app/app.go:142.2,142.12 1 0
go.mxc.org/external-api/internal/app/app.go:131.16,133.3 1 0
go.mxc.org/external-api/internal/app/app.go:135.16,137.3 1 0
go.mxc.org/external-api/internal/app/app.go:139.16,141.3 1 0
go.mxc.org/external-api/internal/app/app.go:145.42,147.16 2 0
go.mxc.org/external-api/internal/app/app.go:150.2,151.16 2 0
go.mxc.org/external-api/internal/app/app.go:154.2,155.16 2 0
go.mxc.org/external-api/internal/app/app.go:147.16,149.3 1 0
go.mxc.org/external-api/internal/app/app.go:151.16,153.3 1 0
go.mxc.org/external-api/internal/app/app.go:155.16,157.3 1 0
go.mxc.org/external-api/internal/app/app.go:160.64,165.16 4 0
go.mxc.org/external-api/internal/app/app.go:168.2,172.16 4 0
go.mxc.org/external-api/internal/app/app.go:175.2,180.16 4 0
go.mxc.org/external-api/internal/app/app.go:183.2,185.12 2 0
go.mxc.org/external-api/internal/app/app.go:165.16,167.3 1 0
go.mxc.org/external-api/internal/app/app.go:172.16,174.3 1 0
go.mxc.org/external-api/internal/app/app.go:180.16,182.3 1 0
go.mxc.org/external-api/internal/app/app.go:189.22,193.2 3 0
go.mxc.org/external-api/internal/app/app.go:196.38,198.2 1 0
go.mxc.org/external-api/internal/grpcauth/grpcauth.go:34.37,38.2 1 1
go.mxc.org/external-api/internal/grpcauth/grpcauth.go:43.108,45.16 2 4
go.mxc.org/external-api/internal/grpcauth/grpcauth.go:48.2,49.55 2 4
go.mxc.org/external-api/internal/grpcauth/grpcauth.go:45.16,47.3 1 0
go.mxc.org/external-api/internal/grpcauth/grpcauth.go:55.62,57.9 2 4
go.mxc.org/external-api/internal/grpcauth/grpcauth.go:61.2,62.28 2 4
go.mxc.org/external-api/internal/grpcauth/grpcauth.go:66.2,69.21 2 4
go.mxc.org/external-api/internal/grpcauth/grpcauth.go:73.2,73.22 1 4
go.mxc.org/external-api/internal/grpcauth/grpcauth.go:57.9,59.3 1 0
go.mxc.org/external-api/internal/grpcauth/grpcauth.go:62.28,64.3 1 0
go.mxc.org/external-api/internal/grpcauth/grpcauth.go:69.21,71.3 1 0
go.mxc.org/external-api/internal/grpcauth/grpcauth.go:77.45,79.9 2 4
go.mxc.org/external-api/internal/grpcauth/grpcauth.go:82.2,82.27 1 4
go.mxc.org/external-api/internal/grpcauth/grpcauth.go:85.2,85.11 1 3
go.mxc.org/external-api/internal/grpcauth/grpcauth.go:79.9,81.3 1 0
go.mxc.org/external-api/internal/grpcauth/grpcauth.go:82.27,84.3 1 1
go.mxc.org/external-api/internal/client/mxpsrvcli/mxpsrvcli.go:22.91,25.16 3 0
go.mxc.org/external-api/internal/client/mxpsrvcli/mxpsrvcli.go:29.2,32.16 4 0
go.mxc.org/external-api/internal/client/mxpsrvcli/mxpsrvcli.go:25.16,28.3 2 0
go.mxc.org/external-api/internal/client/mxpsrvcli/mxpsrvcli.go:36.43,38.2 1 0
